<?xml version="1.0" encoding="UTF-8"?>
<!-- Generated by org.testng.reporters.JUnitReportReporter -->
<testsuite skipped="0" hostname="BRILAP3245" name="test.FlipkartTest" tests="1" failures="0" timestamp="2021-07-16T15:19:23 IST" time="29.158" errors="0">
  <testcase name="test_FlipkartPage" time="29.158" classname="test.FlipkartTest"/>
  <system-out/>
</testsuite> <!-- test.FlipkartTest -->
